{"name":"hexo","hostname":"JIE","pid":8760,"level":20,"msg":"Hexo version: \u001b[35m3.2.0\u001b[39m","time":"2016-12-07T06:55:18.692Z","v":0}
{"name":"hexo","hostname":"JIE","pid":8760,"level":20,"msg":"Working directory: \u001b[35mE:\\ikifile\\Github\\Blog\\\u001b[39m","time":"2016-12-07T06:55:18.696Z","v":0}
{"name":"hexo","hostname":"JIE","pid":8760,"level":20,"msg":"Config loaded: \u001b[35mE:\\ikifile\\Github\\Blog\\_config.yml\u001b[39m","time":"2016-12-07T06:55:19.181Z","v":0}
{"name":"hexo","hostname":"JIE","pid":8760,"level":20,"msg":"Plugin loaded: \u001b[35mhexo-generator-archive\u001b[39m","time":"2016-12-07T06:55:19.341Z","v":0}
{"name":"hexo","hostname":"JIE","pid":8760,"level":20,"msg":"Plugin loaded: \u001b[35mhexo-deployer-git\u001b[39m","time":"2016-12-07T06:55:19.359Z","v":0}
{"name":"hexo","hostname":"JIE","pid":8760,"level":20,"msg":"Plugin loaded: \u001b[35mhexo-generator-category\u001b[39m","time":"2016-12-07T06:55:19.364Z","v":0}
{"name":"hexo","hostname":"JIE","pid":8760,"level":20,"msg":"Plugin loaded: \u001b[35mhexo-generator-searchdb\u001b[39m","time":"2016-12-07T06:55:19.667Z","v":0}
{"name":"hexo","hostname":"JIE","pid":8760,"level":20,"msg":"Plugin loaded: \u001b[35mhexo-generator-tag\u001b[39m","time":"2016-12-07T06:55:19.694Z","v":0}
{"name":"hexo","hostname":"JIE","pid":8760,"level":20,"msg":"Plugin loaded: \u001b[35mhexo-generator-index\u001b[39m","time":"2016-12-07T06:55:19.697Z","v":0}
{"name":"hexo","hostname":"JIE","pid":8760,"level":20,"msg":"Plugin loaded: \u001b[35mhexo-renderer-ejs\u001b[39m","time":"2016-12-07T06:55:19.700Z","v":0}
{"name":"hexo","hostname":"JIE","pid":8760,"level":20,"msg":"Plugin loaded: \u001b[35mhexo-renderer-stylus\u001b[39m","time":"2016-12-07T06:55:19.713Z","v":0}
{"name":"hexo","hostname":"JIE","pid":8760,"level":20,"msg":"Plugin loaded: \u001b[35mhexo-renderer-marked\u001b[39m","time":"2016-12-07T06:55:19.756Z","v":0}
{"name":"hexo","hostname":"JIE","pid":8760,"level":20,"msg":"Script loaded: \u001b[35mthemes\\next\\scripts\\tags\\center-quote.js\u001b[39m","time":"2016-12-07T06:55:19.757Z","v":0}
{"name":"hexo","hostname":"JIE","pid":8760,"level":20,"msg":"Plugin loaded: \u001b[35mhexo-server\u001b[39m","time":"2016-12-07T06:55:20.248Z","v":0}
{"name":"hexo","hostname":"JIE","pid":8760,"level":20,"msg":"Script loaded: \u001b[35mthemes\\next\\scripts\\tags\\note.js\u001b[39m","time":"2016-12-07T06:55:20.250Z","v":0}
{"name":"hexo","hostname":"JIE","pid":8760,"level":20,"msg":"Script loaded: \u001b[35mthemes\\next\\scripts\\tags\\full-image.js\u001b[39m","time":"2016-12-07T06:55:20.250Z","v":0}
{"name":"hexo","hostname":"JIE","pid":8760,"level":20,"msg":"Script loaded: \u001b[35mthemes\\next\\scripts\\merge-configs.js\u001b[39m","time":"2016-12-07T06:55:20.252Z","v":0}
{"name":"hexo","hostname":"JIE","pid":8760,"level":20,"msg":"Script loaded: \u001b[35mthemes\\next\\scripts\\tags\\group-pictures.js\u001b[39m","time":"2016-12-07T06:55:20.255Z","v":0}
{"name":"hexo","hostname":"JIE","pid":8760,"level":20,"msg":"Loading database.","time":"2016-12-07T06:55:20.285Z","v":0}
{"name":"hexo","hostname":"JIE","pid":8760,"level":30,"msg":"Start processing","time":"2016-12-07T06:55:20.295Z","v":0}
{"name":"hexo","hostname":"JIE","pid":8760,"level":20,"msg":"Processed: \u001b[35mimages/avatar.jpg\u001b[39m","time":"2016-12-07T06:55:20.584Z","v":0}
{"name":"hexo","hostname":"JIE","pid":8760,"level":20,"msg":"Processed: \u001b[35msource/css/main.styl\u001b[39m","time":"2016-12-07T06:55:20.590Z","v":0}
{"name":"hexo","hostname":"JIE","pid":8760,"level":20,"msg":"Processed: \u001b[35msource/images/avatar.gif\u001b[39m","time":"2016-12-07T06:55:20.592Z","v":0}
{"name":"hexo","hostname":"JIE","pid":8760,"level":20,"msg":"Processed: \u001b[35msource/images/algolia_logo.svg\u001b[39m","time":"2016-12-07T06:55:20.594Z","v":0}
{"name":"hexo","hostname":"JIE","pid":8760,"level":20,"msg":"Processed: \u001b[35msource/images/cc-by-nc-nd.svg\u001b[39m","time":"2016-12-07T06:55:20.595Z","v":0}
{"name":"hexo","hostname":"JIE","pid":8760,"level":20,"msg":"Processed: \u001b[35msource/images/cc-by-nc-sa.svg\u001b[39m","time":"2016-12-07T06:55:20.597Z","v":0}
{"name":"hexo","hostname":"JIE","pid":8760,"level":20,"msg":"Processed: \u001b[35msource/images/cc-by-nc.svg\u001b[39m","time":"2016-12-07T06:55:20.599Z","v":0}
{"name":"hexo","hostname":"JIE","pid":8760,"level":20,"msg":"Processed: \u001b[35msource/images/cc-by-nd.svg\u001b[39m","time":"2016-12-07T06:55:20.601Z","v":0}
{"name":"hexo","hostname":"JIE","pid":8760,"level":20,"msg":"Processed: \u001b[35msource/images/loading.gif\u001b[39m","time":"2016-12-07T06:55:20.603Z","v":0}
{"name":"hexo","hostname":"JIE","pid":8760,"level":20,"msg":"Processed: \u001b[35msource/images/placeholder.gif\u001b[39m","time":"2016-12-07T06:55:20.605Z","v":0}
{"name":"hexo","hostname":"JIE","pid":8760,"level":20,"msg":"Processed: \u001b[35msource/images/cc-by-sa.svg\u001b[39m","time":"2016-12-07T06:55:20.608Z","v":0}
{"name":"hexo","hostname":"JIE","pid":8760,"level":20,"msg":"Processed: \u001b[35msource/images/cc-by.svg\u001b[39m","time":"2016-12-07T06:55:20.615Z","v":0}
{"name":"hexo","hostname":"JIE","pid":8760,"level":20,"msg":"Processed: \u001b[35msource/images/cc-zero.svg\u001b[39m","time":"2016-12-07T06:55:20.617Z","v":0}
{"name":"hexo","hostname":"JIE","pid":8760,"level":20,"msg":"Processed: \u001b[35msource/images/quote-l.svg\u001b[39m","time":"2016-12-07T06:55:20.619Z","v":0}
{"name":"hexo","hostname":"JIE","pid":8760,"level":20,"msg":"Processed: \u001b[35msource/images/quote-r.svg\u001b[39m","time":"2016-12-07T06:55:20.620Z","v":0}
{"name":"hexo","hostname":"JIE","pid":8760,"level":20,"msg":"Processed: \u001b[35msource/images/searchicon.png\u001b[39m","time":"2016-12-07T06:55:20.621Z","v":0}
{"name":"hexo","hostname":"JIE","pid":8760,"level":20,"msg":"Theme config loaded.","time":"2016-12-07T06:55:20.647Z","v":0}
{"name":"hexo","hostname":"JIE","pid":8760,"level":20,"msg":"Processed: \u001b[35m_config.yml\u001b[39m","time":"2016-12-07T06:55:20.649Z","v":0}
{"name":"hexo","hostname":"JIE","pid":8760,"level":20,"msg":"Processed: \u001b[35mlayout/_layout.swig\u001b[39m","time":"2016-12-07T06:55:20.874Z","v":0}
{"name":"hexo","hostname":"JIE","pid":8760,"level":20,"msg":"Processed: \u001b[35mlayout/index.swig\u001b[39m","time":"2016-12-07T06:55:20.876Z","v":0}
{"name":"hexo","hostname":"JIE","pid":8760,"level":20,"msg":"Processed: \u001b[35mlayout/archive.swig\u001b[39m","time":"2016-12-07T06:55:20.878Z","v":0}
{"name":"hexo","hostname":"JIE","pid":8760,"level":20,"msg":"Processed: \u001b[35mlayout/schedule.swig\u001b[39m","time":"2016-12-07T06:55:20.879Z","v":0}
{"name":"hexo","hostname":"JIE","pid":8760,"level":20,"msg":"Processed: \u001b[35mlayout/page.swig\u001b[39m","time":"2016-12-07T06:55:20.880Z","v":0}
{"name":"hexo","hostname":"JIE","pid":8760,"level":20,"msg":"Processed: \u001b[35mlayout/post.swig\u001b[39m","time":"2016-12-07T06:55:20.881Z","v":0}
{"name":"hexo","hostname":"JIE","pid":8760,"level":20,"msg":"Processed: \u001b[35mlayout/category.swig\u001b[39m","time":"2016-12-07T06:55:20.882Z","v":0}
{"name":"hexo","hostname":"JIE","pid":8760,"level":20,"msg":"Processed: \u001b[35mlanguages/de.yml\u001b[39m","time":"2016-12-07T06:55:20.888Z","v":0}
{"name":"hexo","hostname":"JIE","pid":8760,"level":20,"msg":"Processed: \u001b[35mlanguages/default.yml\u001b[39m","time":"2016-12-07T06:55:20.891Z","v":0}
{"name":"hexo","hostname":"JIE","pid":8760,"level":20,"msg":"Processed: \u001b[35mlanguages/fr-FR.yml\u001b[39m","time":"2016-12-07T06:55:20.892Z","v":0}
{"name":"hexo","hostname":"JIE","pid":8760,"level":20,"msg":"Processed: \u001b[35mlanguages/id.yml\u001b[39m","time":"2016-12-07T06:55:20.893Z","v":0}
{"name":"hexo","hostname":"JIE","pid":8760,"level":20,"msg":"Processed: \u001b[35mlanguages/en.yml\u001b[39m","time":"2016-12-07T06:55:20.894Z","v":0}
{"name":"hexo","hostname":"JIE","pid":8760,"level":20,"msg":"Processed: \u001b[35mlanguages/ja.yml\u001b[39m","time":"2016-12-07T06:55:20.896Z","v":0}
{"name":"hexo","hostname":"JIE","pid":8760,"level":20,"msg":"Processed: \u001b[35mlanguages/ko.yml\u001b[39m","time":"2016-12-07T06:55:20.897Z","v":0}
{"name":"hexo","hostname":"JIE","pid":8760,"level":20,"msg":"Processed: \u001b[35mlanguages/pt-BR.yml\u001b[39m","time":"2016-12-07T06:55:20.898Z","v":0}
{"name":"hexo","hostname":"JIE","pid":8760,"level":20,"msg":"Processed: \u001b[35mlanguages/pt.yml\u001b[39m","time":"2016-12-07T06:55:20.899Z","v":0}
{"name":"hexo","hostname":"JIE","pid":8760,"level":20,"msg":"Processed: \u001b[35mlanguages/ru.yml\u001b[39m","time":"2016-12-07T06:55:20.900Z","v":0}
{"name":"hexo","hostname":"JIE","pid":8760,"level":20,"msg":"Processed: \u001b[35mlanguages/zh-Hans.yml\u001b[39m","time":"2016-12-07T06:55:20.901Z","v":0}
{"name":"hexo","hostname":"JIE","pid":8760,"level":20,"msg":"Processed: \u001b[35mlanguages/zh-tw.yml\u001b[39m","time":"2016-12-07T06:55:20.902Z","v":0}
{"name":"hexo","hostname":"JIE","pid":8760,"level":20,"msg":"Processed: \u001b[35mlanguages/zh-hk.yml\u001b[39m","time":"2016-12-07T06:55:20.903Z","v":0}
{"name":"hexo","hostname":"JIE","pid":8760,"level":20,"msg":"Processed: \u001b[35msource/js/src/algolia-search.js\u001b[39m","time":"2016-12-07T06:55:20.909Z","v":0}
{"name":"hexo","hostname":"JIE","pid":8760,"level":20,"msg":"Processed: \u001b[35msource/js/src/hook-duoshuo.js\u001b[39m","time":"2016-12-07T06:55:20.911Z","v":0}
{"name":"hexo","hostname":"JIE","pid":8760,"level":20,"msg":"Processed: \u001b[35msource/js/src/motion.js\u001b[39m","time":"2016-12-07T06:55:20.913Z","v":0}
{"name":"hexo","hostname":"JIE","pid":8760,"level":20,"msg":"Processed: \u001b[35msource/js/src/bootstrap.js\u001b[39m","time":"2016-12-07T06:55:20.915Z","v":0}
{"name":"hexo","hostname":"JIE","pid":8760,"level":20,"msg":"Processed: \u001b[35msource/js/src/utils.js\u001b[39m","time":"2016-12-07T06:55:20.917Z","v":0}
{"name":"hexo","hostname":"JIE","pid":8760,"level":20,"msg":"Processed: \u001b[35msource/js/src/post-details.js\u001b[39m","time":"2016-12-07T06:55:20.921Z","v":0}
{"name":"hexo","hostname":"JIE","pid":8760,"level":20,"msg":"Processed: \u001b[35msource/js/src/affix.js\u001b[39m","time":"2016-12-07T06:55:20.924Z","v":0}
{"name":"hexo","hostname":"JIE","pid":8760,"level":20,"msg":"Processed: \u001b[35msource/lib/algolia-instant-search/instantsearch.min.css\u001b[39m","time":"2016-12-07T06:55:20.926Z","v":0}
{"name":"hexo","hostname":"JIE","pid":8760,"level":20,"msg":"Processed: \u001b[35msource/js/src/scrollspy.js\u001b[39m","time":"2016-12-07T06:55:20.928Z","v":0}
{"name":"hexo","hostname":"JIE","pid":8760,"level":20,"msg":"Processed: \u001b[35msource/lib/font-awesome/HELP-US-OUT.txt\u001b[39m","time":"2016-12-07T06:55:20.930Z","v":0}
{"name":"hexo","hostname":"JIE","pid":8760,"level":20,"msg":"Processed: \u001b[35msource/lib/font-awesome/bower.json\u001b[39m","time":"2016-12-07T06:55:20.933Z","v":0}
{"name":"hexo","hostname":"JIE","pid":8760,"level":20,"msg":"Processed: \u001b[35msource/lib/fastclick/README.md\u001b[39m","time":"2016-12-07T06:55:20.935Z","v":0}
{"name":"hexo","hostname":"JIE","pid":8760,"level":20,"msg":"Processed: \u001b[35msource/lib/fastclick/bower.json\u001b[39m","time":"2016-12-07T06:55:20.936Z","v":0}
{"name":"hexo","hostname":"JIE","pid":8760,"level":20,"msg":"Processed: \u001b[35msource/lib/jquery_lazyload/bower.json\u001b[39m","time":"2016-12-07T06:55:20.939Z","v":0}
{"name":"hexo","hostname":"JIE","pid":8760,"level":20,"msg":"Processed: \u001b[35msource/lib/jquery_lazyload/CONTRIBUTING.md\u001b[39m","time":"2016-12-07T06:55:20.941Z","v":0}
{"name":"hexo","hostname":"JIE","pid":8760,"level":20,"msg":"Processed: \u001b[35msource/lib/jquery_lazyload/jquery.lazyload.js\u001b[39m","time":"2016-12-07T06:55:20.945Z","v":0}
{"name":"hexo","hostname":"JIE","pid":8760,"level":20,"msg":"Processed: \u001b[35msource/lib/jquery_lazyload/README.md\u001b[39m","time":"2016-12-07T06:55:20.974Z","v":0}
{"name":"hexo","hostname":"JIE","pid":8760,"level":20,"msg":"Processed: \u001b[35msource/lib/jquery_lazyload/jquery.scrollstop.js\u001b[39m","time":"2016-12-07T06:55:20.976Z","v":0}
{"name":"hexo","hostname":"JIE","pid":8760,"level":20,"msg":"Processed: \u001b[35msource/lib/velocity/bower.json\u001b[39m","time":"2016-12-07T06:55:20.977Z","v":0}
{"name":"hexo","hostname":"JIE","pid":8760,"level":20,"msg":"Processed: \u001b[35msource/lib/velocity/velocity.min.js\u001b[39m","time":"2016-12-07T06:55:20.979Z","v":0}
{"name":"hexo","hostname":"JIE","pid":8760,"level":20,"msg":"Processed: \u001b[35msource/lib/velocity/velocity.ui.js\u001b[39m","time":"2016-12-07T06:55:20.983Z","v":0}
{"name":"hexo","hostname":"JIE","pid":8760,"level":20,"msg":"Processed: \u001b[35mlayout/tag.swig\u001b[39m","time":"2016-12-07T06:55:21.030Z","v":0}
{"name":"hexo","hostname":"JIE","pid":8760,"level":20,"msg":"Processed: \u001b[35mabout/index.md\u001b[39m","time":"2016-12-07T06:55:21.056Z","v":0}
{"name":"hexo","hostname":"JIE","pid":8760,"level":20,"msg":"Processed: \u001b[35mcategories/index.md\u001b[39m","time":"2016-12-07T06:55:21.060Z","v":0}
{"name":"hexo","hostname":"JIE","pid":8760,"level":20,"msg":"Processed: \u001b[35msource/lib/velocity/velocity.ui.min.js\u001b[39m","time":"2016-12-07T06:55:21.070Z","v":0}
{"name":"hexo","hostname":"JIE","pid":8760,"level":20,"msg":"Processed: \u001b[35m_posts/LeetCode-453-Minimum-Moves-to-Equal-Array-Elements.md\u001b[39m","time":"2016-12-07T06:55:21.088Z","v":0}
{"name":"hexo","hostname":"JIE","pid":8760,"level":20,"msg":"Processed: \u001b[35m_posts/LeetCode-217-Contains-Duplicate.md\u001b[39m","time":"2016-12-07T06:55:21.093Z","v":0}
{"name":"hexo","hostname":"JIE","pid":8760,"level":20,"msg":"Processed: \u001b[35m_posts/LeetCode-463-Island-Perimeter.md\u001b[39m","time":"2016-12-07T06:55:21.099Z","v":0}
{"name":"hexo","hostname":"JIE","pid":8760,"level":20,"msg":"Processed: \u001b[35m_posts/LeetCode-303-Range-Sum-Query-Immutable.md\u001b[39m","time":"2016-12-07T06:55:21.103Z","v":0}
{"name":"hexo","hostname":"JIE","pid":8760,"level":20,"msg":"Processed: \u001b[35m_posts/LeetCode-409-Longest-Palindrome.md\u001b[39m","time":"2016-12-07T06:55:21.109Z","v":0}
{"name":"hexo","hostname":"JIE","pid":8760,"level":20,"msg":"Processed: \u001b[35m_posts/Python一些小技巧.md\u001b[39m","time":"2016-12-07T06:55:21.120Z","v":0}
{"name":"hexo","hostname":"JIE","pid":8760,"level":20,"msg":"Processed: \u001b[35m_posts/SQL-生成10万条测试数据.md\u001b[39m","time":"2016-12-07T06:55:21.130Z","v":0}
{"name":"hexo","hostname":"JIE","pid":8760,"level":20,"msg":"Processed: \u001b[35m_posts/vim使用技巧.md\u001b[39m","time":"2016-12-07T06:55:21.144Z","v":0}
{"name":"hexo","hostname":"JIE","pid":8760,"level":20,"msg":"Processed: \u001b[35m_posts/Nginx学习笔记（一）.md\u001b[39m","time":"2016-12-07T06:55:21.149Z","v":0}
{"name":"hexo","hostname":"JIE","pid":8760,"level":20,"msg":"Processed: \u001b[35m_posts/了解HashMap.md\u001b[39m","time":"2016-12-07T06:55:21.154Z","v":0}
{"name":"hexo","hostname":"JIE","pid":8760,"level":20,"msg":"Processed: \u001b[35m_posts/SQL 中Group by 的使用.md\u001b[39m","time":"2016-12-07T06:55:21.157Z","v":0}
{"name":"hexo","hostname":"JIE","pid":8760,"level":20,"msg":"Processed: \u001b[35m_posts/Linux注意事项.md\u001b[39m","time":"2016-12-07T06:55:21.160Z","v":0}
{"name":"hexo","hostname":"JIE","pid":8760,"level":20,"msg":"Processed: \u001b[35m_posts/windows-下使用Virtualenv-管理Python项目.md\u001b[39m","time":"2016-12-07T06:55:21.164Z","v":0}
{"name":"hexo","hostname":"JIE","pid":8760,"level":20,"msg":"Processed: \u001b[35m_posts/Java垃圾回收.md\u001b[39m","time":"2016-12-07T06:55:21.169Z","v":0}
{"name":"hexo","hostname":"JIE","pid":8760,"level":20,"msg":"Processed: \u001b[35m_posts/数据结构-Java（1）-实现Stack.md\u001b[39m","time":"2016-12-07T06:55:21.173Z","v":0}
{"name":"hexo","hostname":"JIE","pid":8760,"level":20,"msg":"Processed: \u001b[35m_posts/数据结构-Java（2）实现链表.md\u001b[39m","time":"2016-12-07T06:55:21.176Z","v":0}
{"name":"hexo","hostname":"JIE","pid":8760,"level":20,"msg":"Processed: \u001b[35mtags/index.md\u001b[39m","time":"2016-12-07T06:55:21.190Z","v":0}
{"name":"hexo","hostname":"JIE","pid":8760,"level":20,"msg":"Processed: \u001b[35msource/lib/jquery/index.js\u001b[39m","time":"2016-12-07T06:55:21.196Z","v":0}
{"name":"hexo","hostname":"JIE","pid":8760,"level":20,"msg":"Processed: \u001b[35m_posts/新的开始.md\u001b[39m","time":"2016-12-07T06:55:21.204Z","v":0}
{"name":"hexo","hostname":"JIE","pid":8760,"level":20,"msg":"Processed: \u001b[35msource/lib/fastclick/LICENSE\u001b[39m","time":"2016-12-07T06:55:21.206Z","v":0}
{"name":"hexo","hostname":"JIE","pid":8760,"level":20,"msg":"Processed: \u001b[35msource/js/src/schemes/pisces.js\u001b[39m","time":"2016-12-07T06:55:21.213Z","v":0}
{"name":"hexo","hostname":"JIE","pid":8760,"level":20,"msg":"Processed: \u001b[35msource/lib/fancybox/source/blank.gif\u001b[39m","time":"2016-12-07T06:55:21.216Z","v":0}
{"name":"hexo","hostname":"JIE","pid":8760,"level":20,"msg":"Processed: \u001b[35msource/lib/fancybox/source/fancybox_loading.gif\u001b[39m","time":"2016-12-07T06:55:21.218Z","v":0}
{"name":"hexo","hostname":"JIE","pid":8760,"level":20,"msg":"Processed: \u001b[35msource/lib/fancybox/source/fancybox_loading@2x.gif\u001b[39m","time":"2016-12-07T06:55:21.220Z","v":0}
{"name":"hexo","hostname":"JIE","pid":8760,"level":20,"msg":"Processed: \u001b[35msource/lib/fancybox/source/fancybox_overlay.png\u001b[39m","time":"2016-12-07T06:55:21.222Z","v":0}
{"name":"hexo","hostname":"JIE","pid":8760,"level":20,"msg":"Processed: \u001b[35msource/lib/fancybox/source/fancybox_sprite.png\u001b[39m","time":"2016-12-07T06:55:21.225Z","v":0}
{"name":"hexo","hostname":"JIE","pid":8760,"level":20,"msg":"Processed: \u001b[35msource/lib/fancybox/source/fancybox_sprite@2x.png\u001b[39m","time":"2016-12-07T06:55:21.227Z","v":0}
{"name":"hexo","hostname":"JIE","pid":8760,"level":20,"msg":"Processed: \u001b[35msource/lib/fancybox/source/jquery.fancybox.css\u001b[39m","time":"2016-12-07T06:55:21.229Z","v":0}
{"name":"hexo","hostname":"JIE","pid":8760,"level":20,"msg":"Processed: \u001b[35msource/lib/fancybox/source/jquery.fancybox.js\u001b[39m","time":"2016-12-07T06:55:21.231Z","v":0}
{"name":"hexo","hostname":"JIE","pid":8760,"level":20,"msg":"Processed: \u001b[35msource/lib/fancybox/source/jquery.fancybox.pack.js\u001b[39m","time":"2016-12-07T06:55:21.233Z","v":0}
{"name":"hexo","hostname":"JIE","pid":8760,"level":20,"msg":"Processed: \u001b[35msource/lib/fastclick/lib/fastclick.js\u001b[39m","time":"2016-12-07T06:55:21.236Z","v":0}
{"name":"hexo","hostname":"JIE","pid":8760,"level":20,"msg":"Processed: \u001b[35msource/lib/fastclick/lib/fastclick.min.js\u001b[39m","time":"2016-12-07T06:55:21.237Z","v":0}
{"name":"hexo","hostname":"JIE","pid":8760,"level":20,"msg":"Processed: \u001b[35msource/lib/font-awesome/css/font-awesome.css\u001b[39m","time":"2016-12-07T06:55:21.239Z","v":0}
{"name":"hexo","hostname":"JIE","pid":8760,"level":20,"msg":"Processed: \u001b[35msource/lib/font-awesome/css/font-awesome.min.css\u001b[39m","time":"2016-12-07T06:55:21.240Z","v":0}
{"name":"hexo","hostname":"JIE","pid":8760,"level":20,"msg":"Processed: \u001b[35msource/lib/font-awesome/css/font-awesome.css.map\u001b[39m","time":"2016-12-07T06:55:21.242Z","v":0}
{"name":"hexo","hostname":"JIE","pid":8760,"level":20,"msg":"Processed: \u001b[35msource/lib/ua-parser-js/dist/ua-parser.pack.js\u001b[39m","time":"2016-12-07T06:55:21.243Z","v":0}
{"name":"hexo","hostname":"JIE","pid":8760,"level":20,"msg":"Processed: \u001b[35msource/lib/ua-parser-js/dist/ua-parser.min.js\u001b[39m","time":"2016-12-07T06:55:21.244Z","v":0}
{"name":"hexo","hostname":"JIE","pid":8760,"level":20,"msg":"Processed: \u001b[35mlayout/_custom/header.swig\u001b[39m","time":"2016-12-07T06:55:21.300Z","v":0}
{"name":"hexo","hostname":"JIE","pid":8760,"level":20,"msg":"Processed: \u001b[35mlayout/_custom/sidebar.swig\u001b[39m","time":"2016-12-07T06:55:21.301Z","v":0}
{"name":"hexo","hostname":"JIE","pid":8760,"level":20,"msg":"Processed: \u001b[35mlayout/_macro/wechat-subscriber.swig\u001b[39m","time":"2016-12-07T06:55:21.302Z","v":0}
{"name":"hexo","hostname":"JIE","pid":8760,"level":20,"msg":"Processed: \u001b[35mlayout/_macro/post-collapse.swig\u001b[39m","time":"2016-12-07T06:55:21.303Z","v":0}
{"name":"hexo","hostname":"JIE","pid":8760,"level":20,"msg":"Processed: \u001b[35mlayout/_macro/reward.swig\u001b[39m","time":"2016-12-07T06:55:21.304Z","v":0}
{"name":"hexo","hostname":"JIE","pid":8760,"level":20,"msg":"Processed: \u001b[35mlayout/_macro/sidebar.swig\u001b[39m","time":"2016-12-07T06:55:21.305Z","v":0}
{"name":"hexo","hostname":"JIE","pid":8760,"level":20,"msg":"Processed: \u001b[35mlayout/_macro/post.swig\u001b[39m","time":"2016-12-07T06:55:21.307Z","v":0}
{"name":"hexo","hostname":"JIE","pid":8760,"level":20,"msg":"Processed: \u001b[35mlayout/_partials/page-header.swig\u001b[39m","time":"2016-12-07T06:55:21.308Z","v":0}
{"name":"hexo","hostname":"JIE","pid":8760,"level":20,"msg":"Processed: \u001b[35mlayout/_partials/pagination.swig\u001b[39m","time":"2016-12-07T06:55:21.310Z","v":0}
{"name":"hexo","hostname":"JIE","pid":8760,"level":20,"msg":"Processed: \u001b[35mlayout/_partials/footer.swig\u001b[39m","time":"2016-12-07T06:55:21.312Z","v":0}
{"name":"hexo","hostname":"JIE","pid":8760,"level":20,"msg":"Processed: \u001b[35mlayout/_partials/head.swig\u001b[39m","time":"2016-12-07T06:55:21.313Z","v":0}
{"name":"hexo","hostname":"JIE","pid":8760,"level":20,"msg":"Processed: \u001b[35mlayout/_partials/search.swig\u001b[39m","time":"2016-12-07T06:55:21.314Z","v":0}
{"name":"hexo","hostname":"JIE","pid":8760,"level":20,"msg":"Processed: \u001b[35mlayout/_scripts/baidu-push.swig\u001b[39m","time":"2016-12-07T06:55:21.316Z","v":0}
{"name":"hexo","hostname":"JIE","pid":8760,"level":20,"msg":"Processed: \u001b[35mlayout/_scripts/commons.swig\u001b[39m","time":"2016-12-07T06:55:21.317Z","v":0}
{"name":"hexo","hostname":"JIE","pid":8760,"level":20,"msg":"Processed: \u001b[35mlayout/_scripts/boostrap.swig\u001b[39m","time":"2016-12-07T06:55:21.318Z","v":0}
{"name":"hexo","hostname":"JIE","pid":8760,"level":20,"msg":"Processed: \u001b[35mlayout/_partials/duoshuo-hot-articles.swig\u001b[39m","time":"2016-12-07T06:55:21.319Z","v":0}
{"name":"hexo","hostname":"JIE","pid":8760,"level":20,"msg":"Processed: \u001b[35mlayout/_scripts/vendors.swig\u001b[39m","time":"2016-12-07T06:55:21.320Z","v":0}
{"name":"hexo","hostname":"JIE","pid":8760,"level":20,"msg":"Processed: \u001b[35mlayout/_partials/comments.swig\u001b[39m","time":"2016-12-07T06:55:21.321Z","v":0}
{"name":"hexo","hostname":"JIE","pid":8760,"level":20,"msg":"Processed: \u001b[35mlayout/_partials/header.swig\u001b[39m","time":"2016-12-07T06:55:21.323Z","v":0}
{"name":"hexo","hostname":"JIE","pid":8760,"level":20,"msg":"Processed: \u001b[35mlayout/_scripts/schemes/mist.swig\u001b[39m","time":"2016-12-07T06:55:21.325Z","v":0}
{"name":"hexo","hostname":"JIE","pid":8760,"level":20,"msg":"Processed: \u001b[35mlayout/_scripts/schemes/muse.swig\u001b[39m","time":"2016-12-07T06:55:21.326Z","v":0}
{"name":"hexo","hostname":"JIE","pid":8760,"level":20,"msg":"Processed: \u001b[35m_posts/编写简单的ORM.md\u001b[39m","time":"2016-12-07T06:55:21.333Z","v":0}
{"name":"hexo","hostname":"JIE","pid":8760,"level":20,"msg":"Processed: \u001b[35msource/lib/font-awesome/fonts/FontAwesome.otf\u001b[39m","time":"2016-12-07T06:55:21.336Z","v":0}
{"name":"hexo","hostname":"JIE","pid":8760,"level":20,"msg":"Processed: \u001b[35m_posts/零碎的小技巧.md\u001b[39m","time":"2016-12-07T06:55:21.337Z","v":0}
{"name":"hexo","hostname":"JIE","pid":8760,"level":20,"msg":"Processed: \u001b[35msource/lib/font-awesome/fonts/fontawesome-webfont.eot\u001b[39m","time":"2016-12-07T06:55:21.338Z","v":0}
{"name":"hexo","hostname":"JIE","pid":8760,"level":20,"msg":"Processed: \u001b[35msource/lib/font-awesome/fonts/fontawesome-webfont.woff\u001b[39m","time":"2016-12-07T06:55:21.340Z","v":0}
{"name":"hexo","hostname":"JIE","pid":8760,"level":20,"msg":"Processed: \u001b[35msource/lib/font-awesome/fonts/fontawesome-webfont.woff2\u001b[39m","time":"2016-12-07T06:55:21.343Z","v":0}
{"name":"hexo","hostname":"JIE","pid":8760,"level":20,"msg":"Processed: \u001b[35mlayout/_components/algolia-search/dom.swig\u001b[39m","time":"2016-12-07T06:55:21.368Z","v":0}
{"name":"hexo","hostname":"JIE","pid":8760,"level":20,"msg":"Processed: \u001b[35mlayout/_components/algolia-search/assets.swig\u001b[39m","time":"2016-12-07T06:55:21.370Z","v":0}
{"name":"hexo","hostname":"JIE","pid":8760,"level":20,"msg":"Processed: \u001b[35mlayout/_partials/head/custom-head.swig\u001b[39m","time":"2016-12-07T06:55:21.371Z","v":0}
{"name":"hexo","hostname":"JIE","pid":8760,"level":20,"msg":"Processed: \u001b[35mlayout/_partials/head/external-fonts.swig\u001b[39m","time":"2016-12-07T06:55:21.372Z","v":0}
{"name":"hexo","hostname":"JIE","pid":8760,"level":20,"msg":"Processed: \u001b[35mlayout/_partials/search/localsearch.swig\u001b[39m","time":"2016-12-07T06:55:21.374Z","v":0}
{"name":"hexo","hostname":"JIE","pid":8760,"level":20,"msg":"Processed: \u001b[35mlayout/_partials/search/tinysou.swig\u001b[39m","time":"2016-12-07T06:55:21.375Z","v":0}
{"name":"hexo","hostname":"JIE","pid":8760,"level":20,"msg":"Processed: \u001b[35mlayout/_partials/search/swiftype.swig\u001b[39m","time":"2016-12-07T06:55:21.376Z","v":0}
{"name":"hexo","hostname":"JIE","pid":8760,"level":20,"msg":"Processed: \u001b[35mlayout/_partials/share/add-this.swig\u001b[39m","time":"2016-12-07T06:55:21.377Z","v":0}
{"name":"hexo","hostname":"JIE","pid":8760,"level":20,"msg":"Processed: \u001b[35mlayout/_partials/share/jiathis.swig\u001b[39m","time":"2016-12-07T06:55:21.378Z","v":0}
{"name":"hexo","hostname":"JIE","pid":8760,"level":20,"msg":"Processed: \u001b[35mlayout/_partials/share/duoshuo_share.swig\u001b[39m","time":"2016-12-07T06:55:21.380Z","v":0}
{"name":"hexo","hostname":"JIE","pid":8760,"level":20,"msg":"Processed: \u001b[35mlayout/_scripts/third-party/analytics.swig\u001b[39m","time":"2016-12-07T06:55:21.381Z","v":0}
{"name":"hexo","hostname":"JIE","pid":8760,"level":20,"msg":"Processed: \u001b[35mlayout/_scripts/pages/post-details.swig\u001b[39m","time":"2016-12-07T06:55:21.382Z","v":0}
{"name":"hexo","hostname":"JIE","pid":8760,"level":20,"msg":"Processed: \u001b[35mlayout/_partials/share/baidushare.swig\u001b[39m","time":"2016-12-07T06:55:21.383Z","v":0}
{"name":"hexo","hostname":"JIE","pid":8760,"level":20,"msg":"Processed: \u001b[35mlayout/_scripts/third-party/lean-analytics.swig\u001b[39m","time":"2016-12-07T06:55:21.384Z","v":0}
{"name":"hexo","hostname":"JIE","pid":8760,"level":20,"msg":"Processed: \u001b[35mlayout/_scripts/third-party/localsearch.swig\u001b[39m","time":"2016-12-07T06:55:21.385Z","v":0}
{"name":"hexo","hostname":"JIE","pid":8760,"level":20,"msg":"Processed: \u001b[35mlayout/_scripts/schemes/pisces.swig\u001b[39m","time":"2016-12-07T06:55:21.386Z","v":0}
{"name":"hexo","hostname":"JIE","pid":8760,"level":20,"msg":"Processed: \u001b[35mlayout/_scripts/third-party/schedule.swig\u001b[39m","time":"2016-12-07T06:55:21.387Z","v":0}
{"name":"hexo","hostname":"JIE","pid":8760,"level":20,"msg":"Processed: \u001b[35mlayout/_scripts/third-party/comments.swig\u001b[39m","time":"2016-12-07T06:55:21.388Z","v":0}
{"name":"hexo","hostname":"JIE","pid":8760,"level":20,"msg":"Processed: \u001b[35mlayout/_scripts/third-party/tinysou.swig\u001b[39m","time":"2016-12-07T06:55:21.389Z","v":0}
{"name":"hexo","hostname":"JIE","pid":8760,"level":20,"msg":"Processed: \u001b[35mlayout/_scripts/third-party/mathjax.swig\u001b[39m","time":"2016-12-07T06:55:21.390Z","v":0}
{"name":"hexo","hostname":"JIE","pid":8760,"level":20,"msg":"Processed: \u001b[35msource/lib/velocity/velocity.js\u001b[39m","time":"2016-12-07T06:55:21.393Z","v":0}
{"name":"hexo","hostname":"JIE","pid":8760,"level":20,"msg":"Processed: \u001b[35msource/lib/fancybox/source/helpers/fancybox_buttons.png\u001b[39m","time":"2016-12-07T06:55:21.411Z","v":0}
{"name":"hexo","hostname":"JIE","pid":8760,"level":20,"msg":"Processed: \u001b[35msource/lib/fancybox/source/helpers/jquery.fancybox-buttons.css\u001b[39m","time":"2016-12-07T06:55:21.414Z","v":0}
{"name":"hexo","hostname":"JIE","pid":8760,"level":20,"msg":"Processed: \u001b[35msource/lib/fancybox/source/helpers/jquery.fancybox-thumbs.css\u001b[39m","time":"2016-12-07T06:55:21.416Z","v":0}
{"name":"hexo","hostname":"JIE","pid":8760,"level":20,"msg":"Processed: \u001b[35msource/lib/font-awesome/fonts/fontawesome-webfont.ttf\u001b[39m","time":"2016-12-07T06:55:21.418Z","v":0}
{"name":"hexo","hostname":"JIE","pid":8760,"level":20,"msg":"Processed: \u001b[35msource/lib/fancybox/source/helpers/jquery.fancybox-thumbs.js\u001b[39m","time":"2016-12-07T06:55:21.421Z","v":0}
{"name":"hexo","hostname":"JIE","pid":8760,"level":20,"msg":"Processed: \u001b[35msource/lib/fancybox/source/helpers/jquery.fancybox-buttons.js\u001b[39m","time":"2016-12-07T06:55:21.423Z","v":0}
{"name":"hexo","hostname":"JIE","pid":8760,"level":20,"msg":"Processed: \u001b[35msource/lib/fancybox/source/helpers/jquery.fancybox-media.js\u001b[39m","time":"2016-12-07T06:55:21.425Z","v":0}
{"name":"hexo","hostname":"JIE","pid":8760,"level":20,"msg":"Processed: \u001b[35mlayout/_scripts/third-party/analytics/baidu-analytics.swig\u001b[39m","time":"2016-12-07T06:55:21.566Z","v":0}
{"name":"hexo","hostname":"JIE","pid":8760,"level":20,"msg":"Processed: \u001b[35mlayout/_scripts/third-party/analytics/cnzz-analytics.swig\u001b[39m","time":"2016-12-07T06:55:21.568Z","v":0}
{"name":"hexo","hostname":"JIE","pid":8760,"level":20,"msg":"Processed: \u001b[35mlayout/_scripts/third-party/analytics/facebook-sdk.swig\u001b[39m","time":"2016-12-07T06:55:21.570Z","v":0}
{"name":"hexo","hostname":"JIE","pid":8760,"level":20,"msg":"Processed: \u001b[35mlayout/_scripts/third-party/analytics/google-analytics.swig\u001b[39m","time":"2016-12-07T06:55:21.572Z","v":0}
{"name":"hexo","hostname":"JIE","pid":8760,"level":20,"msg":"Processed: \u001b[35mlayout/_scripts/third-party/analytics/tencent-analytics.swig\u001b[39m","time":"2016-12-07T06:55:21.574Z","v":0}
{"name":"hexo","hostname":"JIE","pid":8760,"level":20,"msg":"Processed: \u001b[35mlayout/_scripts/third-party/analytics/application-insights.swig\u001b[39m","time":"2016-12-07T06:55:21.575Z","v":0}
{"name":"hexo","hostname":"JIE","pid":8760,"level":20,"msg":"Processed: \u001b[35mlayout/_scripts/third-party/analytics/busuanzi-counter.swig\u001b[39m","time":"2016-12-07T06:55:21.577Z","v":0}
{"name":"hexo","hostname":"JIE","pid":8760,"level":20,"msg":"Processed: \u001b[35mlayout/_scripts/third-party/comments/disqus.swig\u001b[39m","time":"2016-12-07T06:55:21.580Z","v":0}
{"name":"hexo","hostname":"JIE","pid":8760,"level":20,"msg":"Processed: \u001b[35mlayout/_scripts/third-party/comments/duoshuo.swig\u001b[39m","time":"2016-12-07T06:55:21.581Z","v":0}
{"name":"hexo","hostname":"JIE","pid":8760,"level":20,"msg":"Processed: \u001b[35mlayout/_scripts/third-party/comments/hypercomments.swig\u001b[39m","time":"2016-12-07T06:55:21.582Z","v":0}
{"name":"hexo","hostname":"JIE","pid":8760,"level":20,"msg":"Processed: \u001b[35msource/lib/algolia-instant-search/instantsearch.min.js\u001b[39m","time":"2016-12-07T06:55:21.585Z","v":0}
{"name":"hexo","hostname":"JIE","pid":8760,"level":20,"msg":"Processed: \u001b[35msource/lib/font-awesome/fonts/fontawesome-webfont.svg\u001b[39m","time":"2016-12-07T06:55:21.588Z","v":0}
{"name":"hexo","hostname":"JIE","pid":8760,"level":20,"msg":"Generator: \u001b[35mpage\u001b[39m","time":"2016-12-07T06:55:22.624Z","v":0}
{"name":"hexo","hostname":"JIE","pid":8760,"level":20,"msg":"Generator: \u001b[35mpost\u001b[39m","time":"2016-12-07T06:55:22.625Z","v":0}
{"name":"hexo","hostname":"JIE","pid":8760,"level":20,"msg":"Generator: \u001b[35marchive\u001b[39m","time":"2016-12-07T06:55:22.626Z","v":0}
{"name":"hexo","hostname":"JIE","pid":8760,"level":20,"msg":"Generator: \u001b[35mcategory\u001b[39m","time":"2016-12-07T06:55:22.627Z","v":0}
{"name":"hexo","hostname":"JIE","pid":8760,"level":20,"msg":"Generator: \u001b[35msearch\u001b[39m","time":"2016-12-07T06:55:22.629Z","v":0}
{"name":"hexo","hostname":"JIE","pid":8760,"level":20,"msg":"Generator: \u001b[35mtag\u001b[39m","time":"2016-12-07T06:55:22.630Z","v":0}
{"name":"hexo","hostname":"JIE","pid":8760,"level":20,"msg":"Generator: \u001b[35mindex\u001b[39m","time":"2016-12-07T06:55:22.631Z","v":0}
{"name":"hexo","hostname":"JIE","pid":8760,"level":20,"msg":"Generator: \u001b[35masset\u001b[39m","time":"2016-12-07T06:55:22.634Z","v":0}
{"name":"hexo","hostname":"JIE","pid":8760,"level":30,"msg":"Hexo is running at \u001b[4mhttp://0.0.0.0:4000/\u001b[24m. Press Ctrl+C to stop.","time":"2016-12-07T06:55:22.679Z","v":0}
{"name":"hexo","hostname":"JIE","pid":8760,"level":20,"msg":"Database saved","time":"2016-12-07T06:55:22.715Z","v":0}
{"name":"hexo","hostname":"JIE","pid":8760,"level":20,"msg":"Rendering index: \u001b[35mindex.html\u001b[39m","time":"2016-12-07T06:55:32.914Z","v":0}
{"name":"hexo","hostname":"JIE","pid":8760,"level":20,"msg":"Rendering post: \u001b[35m2016/12/07/LeetCode-303-Range-Sum-Query-Immutable/index.html\u001b[39m","time":"2016-12-07T06:55:41.487Z","v":0}
{"name":"hexo","hostname":"JIE","pid":8760,"level":30,"msg":"Catch you later","time":"2016-12-07T06:55:58.582Z","v":0}
{"name":"hexo","hostname":"JIE","pid":8760,"level":20,"msg":"Database saved","time":"2016-12-07T06:55:58.628Z","v":0}
